Number of MPI thread is 1
Maximum velocity for stability is 6060.915483 m/s
The available Device number is 1 on Computer
The maximum trace number for source is 663
Today's data and time: Thu Mar  7 17:59:34 2019
Set the reference time window
Ricker wave is done
The true model is done
vp_max = 4700.000000
vs_max = 2598.022705
rho_max = 1000.000000
ABC parameters are done
Obtain the observed seismograms !
Number of MPI thread is 1
Maximum velocity for stability is 5694.819955 m/s
P-wave maximum velocity for stability is 5695 m/s
S-wave maximum velocity for stability is 5281 m/s
The available Device number is 1 on Computer
The maximum trace number for source is 663
Today's data and time: Fri Mar 29 10:46:44 2019
Set the reference time window
Ricker wave is done
The true model is done
Np=2764 Lp=4 Ns=1439 Ls=7
0.764405 0.478883
vp_max = 4700.000000
vs_max = 2598.022705
rho_max = 0.000000
ABC parameters are done
Obtain the observed seismograms !
Number of MPI thread is 1
Maximum velocity for stability is 5694.819955 m/s
P-wave maximum velocity for stability is 5695 m/s
S-wave maximum velocity for stability is 5281 m/s
The available Device number is 1 on Computer
The maximum trace number for source is 663
Today's data and time: Fri Mar 29 10:57:59 2019
Set the reference time window
Ricker wave is done
The true model is done
Np=2764 Lp=4 Ns=1439 Ls=7
0.764405 0.478883
vp_max = 4700.000000
vs_max = 2598.022705
rho_max = 0.000000
ABC parameters are done
Obtain the observed seismograms !
Number of MPI thread is 1
Maximum velocity for stability is 5694.819955 m/s
P-wave maximum velocity for stability is 5695 m/s
S-wave maximum velocity for stability is 5281 m/s
The available Device number is 1 on Computer
The maximum trace number for source is 663
Today's data and time: Fri Mar 29 11:00:24 2019
Set the reference time window
Ricker wave is done
The true model is done
Np=2764 Lp=4 Ns=1439 Ls=7
0.764405 0.478883
vp_max = 4700.000000
vs_max = 2598.022705
rho_max = 0.000000
ABC parameters are done
Obtain the observed seismograms !
Number of MPI thread is 1
Maximum velocity for stability is 5497.174881 m/s
P-wave maximum velocity for stability is 6061 m/s
S-wave maximum velocity for stability is 5497 m/s
The available Device number is 1 on Computer
The maximum trace number for source is 663
Today's data and time: Fri Mar 29 11:23:59 2019
Set the reference time window
Ricker wave is done
The true model is done
Np=2764 Lp=3 Ns=1439 Ls=5
0.726519 0.461024
vp_max = 4700.000000
vs_max = 2598.022705
rho_max = 0.000000
ABC parameters are done
Obtain the observed seismograms !
Number of MPI thread is 1
Maximum velocity for stability is 5497.174881 m/s
P-wave maximum velocity for stability is 6061 m/s
S-wave maximum velocity for stability is 5497 m/s
The available Device number is 1 on Computer
The maximum trace number for source is 663
Today's data and time: Fri Mar 29 12:27:58 2019
Set the reference time window
Ricker wave is done
The true model is done
Np=2764 Lp=3 Ns=1439 Ls=5
0.726519 0.461024
vp_max = 4700.000000
vs_max = 2598.022705
rho_max = 0.000000
ABC parameters are done
Obtain the observed seismograms !
Number of MPI thread is 1
Maximum velocity for stability is 5497.174881 m/s
P-wave maximum velocity for stability is 6061 m/s
S-wave maximum velocity for stability is 5497 m/s
The available Device number is 1 on Computer
The maximum trace number for source is 663
Today's data and time: Fri Mar 29 13:11:11 2019
Set the reference time window
Ricker wave is done
The true model is done
Np=2764 Lp=3 Ns=1439 Ls=5
0.726519 0.461024
vp_max = 4700.000000
vs_max = 2598.022705
rho_max = 0.000000
ABC parameters are done
Obtain the observed seismograms !
Number of MPI thread is 1
Maximum velocity for stability is 5497.174881 m/s
P-wave maximum velocity for stability is 6061 m/s
S-wave maximum velocity for stability is 5497 m/s
The available Device number is 1 on Computer
The maximum trace number for source is 663
Today's data and time: Fri Mar 29 13:23:32 2019
Set the reference time window
Ricker wave is done
The true model is done
Np=2764 Lp=3 Ns=1439 Ls=5
0.726519 0.461024
vp_max = 4700.000000
vs_max = 2598.022705
rho_max = 0.000000
ABC parameters are done
Obtain the observed seismograms !
Number of MPI thread is 1
Maximum velocity for stability is 5497.174881 m/s
P-wave maximum velocity for stability is 6061 m/s
S-wave maximum velocity for stability is 5497 m/s
The available Device number is 1 on Computer
The maximum trace number for source is 663
Today's data and time: Fri Mar 29 14:12:49 2019
Set the reference time window
Ricker wave is done
The true model is done
Np=1 Lp=3 Ns=1 Ls=5
0.482247 0.358535
vp_max = 3000.000000
vs_max = 2000.000000
rho_max = 0.000000
ABC parameters are done
Obtain the observed seismograms !
Number of MPI thread is 1
Maximum velocity for stability is 5497.174881 m/s
P-wave maximum velocity for stability is 6061 m/s
S-wave maximum velocity for stability is 5497 m/s
The available Device number is 1 on Computer
The maximum trace number for source is 663
Today's data and time: Fri Mar 29 14:28:57 2019
Set the reference time window
Ricker wave is done
The true model is done
Np=1 Lp=3 Ns=1 Ls=5
0.482247 0.358535
vp_max = 3000.000000
vs_max = 2000.000000
rho_max = 0.000000
ABC parameters are done
Obtain the observed seismograms !
Number of MPI thread is 1
Maximum velocity for stability is 5497.174881 m/s
P-wave maximum velocity for stability is 6061 m/s
S-wave maximum velocity for stability is 5497 m/s
The available Device number is 1 on Computer
The maximum trace number for source is 663
Today's data and time: Fri Mar 29 14:30:42 2019
Set the reference time window
Ricker wave is done
The true model is done
Np=1 Lp=3 Ns=1 Ls=5
0.482247 0.358535
vp_max = 3000.000000
vs_max = 2000.000000
rho_max = 0.000000
ABC parameters are done
Obtain the observed seismograms !
Number of MPI thread is 1
Maximum velocity for stability is 5497.174881 m/s
P-wave maximum velocity for stability is 6061 m/s
S-wave maximum velocity for stability is 5497 m/s
The available Device number is 1 on Computer
The maximum trace number for source is 663
Today's data and time: Fri Mar 29 14:34:36 2019
Set the reference time window
Ricker wave is done
The true model is done
Np=1 Lp=3 Ns=1 Ls=5
0.482247 0.358535
vp_max = 3000.000000
vs_max = 2000.000000
rho_max = 0.000000
ABC parameters are done
Obtain the observed seismograms !
Number of MPI thread is 1
Maximum velocity for stability is 5497.174881 m/s
P-wave maximum velocity for stability is 6061 m/s
S-wave maximum velocity for stability is 5497 m/s
The available Device number is 1 on Computer
The maximum trace number for source is 663
Today's data and time: Fri Mar 29 14:43:12 2019
Set the reference time window
Ricker wave is done
The true model is done
Np=1 Lp=3 Ns=1 Ls=5
0.482247 0.358535
vp_max = 3000.000000
vs_max = 2000.000000
rho_max = 0.000000
ABC parameters are done
Obtain the observed seismograms !
Np=1 Lp=3 Ns=1 Ls=5
0.482247 0.358535
vp_max = 3000.000000
vs_max = 2000.000000
rho_max = 0.000000
====================
   FREQUENCY == 1
====================
Ricker wave is done again
====================
ITERATION == 1
Number of MPI thread is 1
Maximum velocity for stability is 5497.174881 m/s
P-wave maximum velocity for stability is 6061 m/s
S-wave maximum velocity for stability is 5497 m/s
The available Device number is 1 on Computer
The maximum trace number for source is 663
Today's data and time: Fri Mar 29 14:56:23 2019
Set the reference time window
Ricker wave is done
The true model is done
Np=1 Lp=3 Ns=1 Ls=5
0.482247 0.358535
vp_max = 3000.000000
vs_max = 2000.000000
rho_max = 0.000000
ABC parameters are done
Obtain the observed seismograms !
Number of MPI thread is 1
Maximum velocity for stability is 5497.174881 m/s
P-wave maximum velocity for stability is 6061 m/s
S-wave maximum velocity for stability is 5497 m/s
The available Device number is 1 on Computer
The maximum trace number for source is 663
Today's data and time: Fri Mar 29 15:01:11 2019
Set the reference time window
Ricker wave is done
The true model is done
Np=1 Lp=3 Ns=1 Ls=5
0.482247 0.358535
vp_max = 3000.000000
vs_max = 2000.000000
rho_max = 0.000000
ABC parameters are done
Obtain the observed seismograms !
Np=1 Lp=3 Ns=1 Ls=5
0.482247 0.358535
vp_max = 3000.000000
vs_max = 2000.000000
rho_max = 0.000000
====================
   FREQUENCY == 1
====================
Ricker wave is done again
====================
ITERATION == 1
== ** Misfit_old ** == 1.165134e+03
   an_vp == 8.962964e+08 , an_vs == 1.274748e+09
Np=33 Lp=3 Ns=24 Ls=5
0.482473 0.362014
vp_max = 3001.510742
vs_max = 2020.000000
rho_max = 0.000000
The cost of the run time is 39.879890 seconds
Number of MPI thread is 1
Maximum velocity for stability is 5497.174881 m/s
P-wave maximum velocity for stability is 6061 m/s
S-wave maximum velocity for stability is 5497 m/s
The available Device number is 1 on Computer
The maximum trace number for source is 663
Today's data and time: Fri Mar 29 15:02:22 2019
Set the reference time window
Ricker wave is done
The true model is done
Np=1 Lp=3 Ns=1 Ls=5
0.482247 0.358535
vp_max = 3000.000000
vs_max = 2000.000000
rho_max = 0.000000
ABC parameters are done
Obtain the observed seismograms !
Number of MPI thread is 1
Maximum velocity for stability is 5497.174881 m/s
P-wave maximum velocity for stability is 6061 m/s
S-wave maximum velocity for stability is 5497 m/s
The available Device number is 1 on Computer
The maximum trace number for source is 663
Today's data and time: Fri Mar 29 15:04:59 2019
Set the reference time window
Ricker wave is done
The true model is done
Np=2764 Lp=3 Ns=1439 Ls=5
0.726519 0.461024
vp_max = 4700.000000
vs_max = 2598.022705
rho_max = 0.000000
ABC parameters are done
Obtain the observed seismograms !
Number of MPI thread is 1
Maximum velocity for stability is 5497.174881 m/s
P-wave maximum velocity for stability is 6061 m/s
S-wave maximum velocity for stability is 5497 m/s
The available Device number is 1 on Computer
The maximum trace number for source is 663
Today's data and time: Fri Mar 29 15:07:47 2019
Set the reference time window
Ricker wave is done
The true model is done
Np=1001 Lp=3 Ns=501 Ls=5
0.629796 0.444458
vp_max = 4000.000000
vs_max = 2500.000000
rho_max = 0.000000
ABC parameters are done
Obtain the observed seismograms !
Number of MPI thread is 1
Maximum velocity for stability is 5497.174881 m/s
P-wave maximum velocity for stability is 6061 m/s
S-wave maximum velocity for stability is 5497 m/s
The available Device number is 1 on Computer
The maximum trace number for source is 663
Today's data and time: Fri Mar 29 15:20:39 2019
Set the reference time window
Ricker wave is done
The true model is done
Np=1001 Lp=3 Ns=501 Ls=5
0.629796 0.444458
vp_max = 4000.000000
vs_max = 2500.000000
rho_max = 0.000000
ABC parameters are done
Obtain the observed seismograms !
Number of MPI thread is 1
Maximum velocity for stability is 5497.174881 m/s
P-wave maximum velocity for stability is 6061 m/s
S-wave maximum velocity for stability is 5497 m/s
The available Device number is 1 on Computer
The maximum trace number for source is 663
Today's data and time: Fri Mar 29 15:21:42 2019
Set the reference time window
Ricker wave is done
The true model is done
Np=1001 Lp=3 Ns=501 Ls=5
0.629796 0.444458
vp_max = 4000.000000
vs_max = 2500.000000
rho_max = 0.000000
ABC parameters are done
Obtain the observed seismograms !
Number of MPI thread is 1
Maximum velocity for stability is 5497.174881 m/s
P-wave maximum velocity for stability is 6061 m/s
S-wave maximum velocity for stability is 5497 m/s
The available Device number is 1 on Computer
The maximum trace number for source is 663
Today's data and time: Fri Mar 29 15:24:40 2019
Set the reference time window
Ricker wave is done
The true model is done
Np=2764 Lp=3 Ns=1439 Ls=5
0.726519 0.461024
vp_max = 4700.000000
vs_max = 2598.022705
rho_max = 0.000000
ABC parameters are done
Obtain the observed seismograms !
Number of MPI thread is 1
Maximum velocity for stability is 6871.468601 m/s
P-wave maximum velocity for stability is 7576 m/s
S-wave maximum velocity for stability is 6871 m/s
The available Device number is 1 on Computer
The maximum trace number for source is 663
Today's data and time: Fri Mar 29 15:32:27 2019
Set the reference time window
Ricker wave is done
The true model is done
Np=2764 Lp=3 Ns=1439 Ls=5
0.595310 0.372152
vp_max = 4700.000000
vs_max = 2598.022705
rho_max = 0.000000
ABC parameters are done
Obtain the observed seismograms !
Number of MPI thread is 1
Maximum velocity for stability is 6871.468601 m/s
P-wave maximum velocity for stability is 7576 m/s
S-wave maximum velocity for stability is 6871 m/s
The available Device number is 1 on Computer
The maximum trace number for source is 663
Today's data and time: Fri Mar 29 16:16:10 2019
Set the reference time window
Ricker wave is done
The true model is done
Np=2764 Lp=3 Ns=1439 Ls=5
0.595310 0.372152
vp_max = 4700.000000
vs_max = 2598.022705
rho_max = 0.000000
ABC parameters are done
Obtain the observed seismograms !
Np=2334 Lp=3 Ns=1201 Ls=5
0.546421 0.340089
vp_max = 4283.447266
vs_max = 2367.802734
rho_max = 0.000000
====================
   FREQUENCY == 1
====================
Ricker wave is done again
====================
ITERATION == 1
== ** Misfit_old ** == 9.228649e+02
   an_vp == 1.140480e+12 , an_vs == 4.643646e+11
Np=1924 Lp=3 Ns=1008 Ls=5
0.546309 0.339930
vp_max = 4282.571289
vs_max = 2366.663574
rho_max = 0.000000
The cost of the run time is 108.916490 seconds
Number of MPI thread is 1
Maximum velocity for stability is 6871.468601 m/s
P-wave maximum velocity for stability is 7576 m/s
S-wave maximum velocity for stability is 6871 m/s
The available Device number is 1 on Computer
The maximum trace number for source is 663
Today's data and time: Fri Mar 29 17:10:03 2019
Set the reference time window
Ricker wave is done
The true model is done
Np=2764 Lp=3 Ns=1439 Ls=5
0.595310 0.372152
vp_max = 4700.000000
vs_max = 2598.022705
rho_max = 0.000000
ABC parameters are done
Obtain the observed seismograms !
Np=2334 Lp=3 Ns=1201 Ls=5
0.546421 0.340089
vp_max = 4283.447266
vs_max = 2367.802734
rho_max = 0.000000
====================
   FREQUENCY == 1
====================
Ricker wave is done again
====================
ITERATION == 1
== ** Misfit_old ** == 9.228649e+02
   an_vp == 1.341368e+12 , an_vs == 2.039803e+11
Np=1923 Lp=3 Ns=1009 Ls=5
0.546233 0.340087
vp_max = 4281.905762
vs_max = 2367.781738
rho_max = 0.000000
The cost of the run time is 118.193044 seconds
Number of MPI thread is 1
Maximum velocity for stability is 5497.174259 m/s
P-wave maximum velocity for stability is 6061 m/s
S-wave maximum velocity for stability is 5497 m/s
The available Device number is 1 on Computer
The maximum trace number for source is 663
Today's data and time: Fri Mar 29 17:15:18 2019
Set the reference time window
Ricker wave is done
The true model is done
Np=2764 Lp=3 Ns=1439 Ls=5
0.726519 0.461024
vp_max = 4700.000000
vs_max = 2598.022705
rho_max = 0.000000
ABC parameters are done
Obtain the observed seismograms !
Number of MPI thread is 1
Maximum velocity for stability is 5497.174259 m/s
P-wave maximum velocity for stability is 6061 m/s
S-wave maximum velocity for stability is 5497 m/s
The available Device number is 1 on Computer
The maximum trace number for source is 663
Today's data and time: Fri Mar 29 17:18:45 2019
Set the reference time window
Ricker wave is done
The true model is done
Np=2764 Lp=3 Ns=1439 Ls=5
0.726519 0.461024
vp_max = 4700.000000
vs_max = 2598.022705
rho_max = 0.000000
ABC parameters are done
Obtain the observed seismograms !
Np=2334 Lp=3 Ns=1201 Ls=5
0.669692 0.421956
vp_max = 4283.447266
vs_max = 2367.802734
rho_max = 0.000000
====================
   FREQUENCY == 1
====================
Ricker wave is done again
====================
ITERATION == 1
== ** Misfit_old ** == 1.053153e+04
   an_vp == 1.165765e+11 , an_vs == 1.117479e+10
Np=1924 Lp=3 Ns=1009 Ls=5
0.669645 0.421955
vp_max = 4283.146484
vs_max = 2367.786865
rho_max = 0.000000
The cost of the run time is 1076.494315 seconds
Number of MPI thread is 1
Maximum velocity for stability is 5497.174259 m/s
P-wave maximum velocity for stability is 6061 m/s
S-wave maximum velocity for stability is 5497 m/s
The available Device number is 1 on Computer
The maximum trace number for source is 663
Today's data and time: Mon Apr  1 10:48:13 2019
Set the reference time window
Ricker wave is done
The true model is done
Np=2764 Lp=3 Ns=1439 Ls=5
0.726519 0.461024
vp_max = 4700.000000
vs_max = 2598.022705
rho_max = 0.000000
ABC parameters are done
Obtain the observed seismograms !
Np=2334 Lp=3 Ns=1201 Ls=5
0.669692 0.421956
vp_max = 4283.447266
vs_max = 2367.802734
rho_max = 0.000000
====================
   FREQUENCY == 1
====================
Ricker wave is done again
====================
ITERATION == 1
== ** Misfit_old ** == 1.033106e+04
   an_vp == 2.160824e+11 , an_vs == 2.057593e+10
Np=1924 Lp=3 Ns=1009 Ls=5
0.669634 0.421954
vp_max = 4283.077637
vs_max = 2367.776855
rho_max = 0.000000
The cost of the run time is 1076.536522 seconds
Number of MPI thread is 1
Maximum velocity for stability is 5497.174259 m/s
P-wave maximum velocity for stability is 6061 m/s
S-wave maximum velocity for stability is 5497 m/s
The available Device number is 1 on Computer
The maximum trace number for source is 663
Today's data and time: Mon Apr  1 19:54:39 2019
Set the reference time window
Ricker wave is done
The true model is done
Np=2764 Lp=3 Ns=1439 Ls=5
0.726519 0.461024
vp_max = 4700.000000
vs_max = 2598.022705
rho_max = 0.000000
ABC parameters are done
Obtain the observed seismograms !
Number of MPI thread is 1
Maximum velocity for stability is 6060.915483 m/s
P-wave maximum velocity for stability is 6061 m/s
S-wave maximum velocity for stability is 6061 m/s
The available Device number is 1 on Computer
The maximum trace number for source is 663
Today's data and time: Mon Apr  1 20:21:24 2019
Set the reference time window
Ricker wave is done
The true model is done
Np=2764 Lp=3 Ns=1439 Ls=3
0.726519 0.420382
vp_max = 4700.000000
vs_max = 2598.022705
rho_max = 0.000000
ABC parameters are done
Obtain the observed seismograms !
Number of MPI thread is 1
Maximum velocity for stability is 6060.915483 m/s
P-wave maximum velocity for stability is 6061 m/s
S-wave maximum velocity for stability is 6061 m/s
The available Device number is 1 on Computer
The maximum trace number for source is 663
Today's data and time: Mon Apr  1 20:22:32 2019
Set the reference time window
Ricker wave is done
The true model is done
Np=2764 Lp=3 Ns=1439 Ls=3
0.726519 0.420382
vp_max = 4700.000000
vs_max = 2598.022705
rho_max = 0.000000
ABC parameters are done
Obtain the observed seismograms !
Number of MPI thread is 1
Maximum velocity for stability is 6060.915483 m/s
P-wave maximum velocity for stability is 6061 m/s
S-wave maximum velocity for stability is 6061 m/s
The available Device number is 1 on Computer
The maximum trace number for source is 663
Today's data and time: Mon Apr  1 20:30:18 2019
Set the reference time window
Ricker wave is done
The true model is done
Np=2764 Lp=3 Ns=1439 Ls=3
0.726519 0.420382
vp_max = 4700.000000
vs_max = 2598.022705
rho_max = 0.000000
ABC parameters are done
Obtain the observed seismograms !
Number of MPI thread is 1
Maximum velocity for stability is 6060.915483 m/s
P-wave maximum velocity for stability is 6061 m/s
S-wave maximum velocity for stability is 6061 m/s
The available Device number is 1 on Computer
The maximum trace number for source is 663
Today's data and time: Mon Apr  1 20:32:19 2019
Set the reference time window
Ricker wave is done
The true model is done
Np=2764 Lp=3 Ns=1439 Ls=3
0.726519 0.420382
vp_max = 4700.000000
vs_max = 2598.022705
rho_max = 0.000000
ABC parameters are done
Obtain the observed seismograms !
Number of MPI thread is 1
Maximum velocity for stability is 6060.915483 m/s
P-wave maximum velocity for stability is 6061 m/s
S-wave maximum velocity for stability is 6061 m/s
The available Device number is 1 on Computer
The maximum trace number for source is 663
Today's data and time: Mon Apr  1 20:48:57 2019
Set the reference time window
Ricker wave is done
The true model is done
Np=2764 Lp=3 Ns=1439 Ls=3
0.726519 0.420382
vp_max = 4700.000000
vs_max = 2598.022705
rho_max = 0.000000
ABC parameters are done
Obtain the observed seismograms !
Number of MPI thread is 1
Maximum velocity for stability is 5497.174259 m/s
P-wave maximum velocity for stability is 6061 m/s
S-wave maximum velocity for stability is 5497 m/s
The available Device number is 1 on Computer
The maximum trace number for source is 663
Today's data and time: Mon Apr  1 20:51:24 2019
Set the reference time window
Ricker wave is done
The true model is done
Np=2764 Lp=3 Ns=1439 Ls=5
0.726519 0.461024
vp_max = 4700.000000
vs_max = 2598.022705
rho_max = 0.000000
ABC parameters are done
Obtain the observed seismograms !
Np=2334 Lp=3 Ns=1201 Ls=5
0.669692 0.421956
vp_max = 4283.447266
vs_max = 2367.802734
rho_max = 0.000000
====================
   FREQUENCY == 1
====================
Ricker wave is done again
====================
ITERATION == 1
== ** Misfit_old ** == 1.033106e+04
   an_vp == 2.160824e+11 , an_vs == 2.057593e+10
Np=1924 Lp=3 Ns=1009 Ls=5
0.669634 0.421954
vp_max = 4283.077637
vs_max = 2367.776855
rho_max = 0.000000
The cost of the run time is 1100.866122 seconds
Number of MPI thread is 1
Maximum velocity for stability is 5497.174259 m/s
P-wave maximum velocity for stability is 6061 m/s
S-wave maximum velocity for stability is 5497 m/s
The available Device number is 1 on Computer
The maximum trace number for source is 663
Today's data and time: Mon Apr  1 21:14:18 2019
Set the reference time window
Ricker wave is done
The true model is done
Np=2764 Lp=3 Ns=1439 Ls=5
0.726519 0.461024
vp_max = 4700.000000
vs_max = 2598.022705
rho_max = 0.000000
ABC parameters are done
Obtain the observed seismograms !
Np=2334 Lp=3 Ns=1201 Ls=5
0.669692 0.421956
vp_max = 4283.447266
vs_max = 2367.802734
rho_max = 0.000000
====================
   FREQUENCY == 1
====================
Ricker wave is done again
====================
ITERATION == 1
== ** Misfit_old ** == 5.876898e+02
   an_vp == 1.573960e+12 , an_vs == 1.379406e+11
Np=1924 Lp=3 Ns=1009 Ls=5
0.669591 0.421964
vp_max = 4282.799805
vs_max = 2367.832764
rho_max = 0.000000
The cost of the run time is 81.673307 seconds
Number of MPI thread is 1
Maximum velocity for stability is 5497.174259 m/s
P-wave maximum velocity for stability is 6061 m/s
S-wave maximum velocity for stability is 5497 m/s
The available Device number is 1 on Computer
The maximum trace number for source is 663
Today's data and time: Mon Apr  1 21:20:03 2019
Set the reference time window
Ricker wave is done
The true model is done
Np=2764 Lp=3 Ns=1439 Ls=5
0.726519 0.461024
vp_max = 4700.000000
vs_max = 2598.022705
rho_max = 0.000000
ABC parameters are done
Obtain the observed seismograms !
Np=2334 Lp=3 Ns=1201 Ls=5
0.669692 0.421956
vp_max = 4283.447266
vs_max = 2367.802734
rho_max = 0.000000
====================
   FREQUENCY == 1
====================
Ricker wave is done again
====================
ITERATION == 1
== ** Misfit_old ** == 6.328486e+02
   an_vp == 1.534390e+12 , an_vs == 1.561965e+11
Np=1924 Lp=3 Ns=1009 Ls=5
0.669545 0.421951
vp_max = 4282.507324
vs_max = 2367.764404
rho_max = 0.000000
The cost of the run time is 79.701647 seconds
Number of MPI thread is 1
Maximum velocity for stability is 5497.174259 m/s
P-wave maximum velocity for stability is 6061 m/s
S-wave maximum velocity for stability is 5497 m/s
The available Device number is 1 on Computer
The maximum trace number for source is 663
Today's data and time: Mon Apr  1 21:23:30 2019
Set the reference time window
Ricker wave is done
The true model is done
Np=2764 Lp=3 Ns=1439 Ls=5
0.726519 0.461024
vp_max = 4700.000000
vs_max = 2598.022705
rho_max = 0.000000
ABC parameters are done
Obtain the observed seismograms !
Np=2334 Lp=3 Ns=1201 Ls=5
0.669692 0.421956
vp_max = 4283.447266
vs_max = 2367.802734
rho_max = 0.000000
====================
   FREQUENCY == 1
====================
Ricker wave is done again
====================
ITERATION == 1
Number of MPI thread is 1
Maximum velocity for stability is 5497.174259 m/s
P-wave maximum velocity for stability is 6061 m/s
S-wave maximum velocity for stability is 5497 m/s
The available Device number is 1 on Computer
The maximum trace number for source is 663
Today's data and time: Mon Apr  1 21:24:28 2019
Set the reference time window
Ricker wave is done
The true model is done
Np=2764 Lp=3 Ns=1439 Ls=5
0.726519 0.461024
vp_max = 4700.000000
vs_max = 2598.022705
rho_max = 0.000000
ABC parameters are done
Obtain the observed seismograms !
Np=2334 Lp=3 Ns=1201 Ls=5
0.669692 0.421956
vp_max = 4283.447266
vs_max = 2367.802734
rho_max = 0.000000
====================
   FREQUENCY == 1
====================
Ricker wave is done again
====================
ITERATION == 1
== ** Misfit_old ** == 6.328486e+02
   an_vp == 1.534390e+12 , an_vs == 1.561965e+11
Np=1924 Lp=3 Ns=1009 Ls=5
0.669545 0.421951
vp_max = 4282.507324
vs_max = 2367.764404
rho_max = 0.000000
The cost of the run time is 80.012369 seconds
Number of MPI thread is 1
Maximum velocity for stability is 5497.174259 m/s
P-wave maximum velocity for stability is 6061 m/s
S-wave maximum velocity for stability is 5497 m/s
The available Device number is 1 on Computer
The maximum trace number for source is 663
Today's data and time: Mon Apr  1 21:27:12 2019
Set the reference time window
Ricker wave is done
The true model is done
Np=2764 Lp=3 Ns=1439 Ls=5
0.726519 0.461024
vp_max = 4700.000000
vs_max = 2598.022705
rho_max = 0.000000
ABC parameters are done
Obtain the observed seismograms !
Np=2334 Lp=3 Ns=1201 Ls=5
0.669692 0.421956
vp_max = 4283.447266
vs_max = 2367.802734
rho_max = 0.000000
====================
   FREQUENCY == 1
====================
Ricker wave is done again
====================
ITERATION == 1
== ** Misfit_old ** == 6.328486e+02
   an_vp == 1.534390e+12 , an_vs == 1.561965e+11
Np=1924 Lp=3 Ns=1009 Ls=5
0.669545 0.421951
vp_max = 4282.507324
vs_max = 2367.764404
rho_max = 0.000000
The cost of the run time is 81.489027 seconds
Number of MPI thread is 1
Maximum velocity for stability is 5497.174259 m/s
P-wave maximum velocity for stability is 6061 m/s
S-wave maximum velocity for stability is 5497 m/s
The available Device number is 1 on Computer
The maximum trace number for source is 663
Today's data and time: Mon Apr  1 22:10:35 2019
Set the reference time window
Ricker wave is done
The true model is done
Np=2764 Lp=3 Ns=1439 Ls=5
0.726519 0.461024
vp_max = 4700.000000
vs_max = 2598.022705
rho_max = 0.000000
ABC parameters are done
Obtain the observed seismograms !
Np=2334 Lp=3 Ns=1201 Ls=5
0.669692 0.421956
vp_max = 4283.447266
vs_max = 2367.802734
rho_max = 0.000000
====================
   FREQUENCY == 1
====================
Ricker wave is done again
====================
ITERATION == 1
== ** Misfit_old ** == 6.328486e+02
   an_vp == 1.534390e+12 , an_vs == 1.561965e+11
Np=1924 Lp=3 Ns=1009 Ls=5
0.669545 0.421951
vp_max = 4282.507324
vs_max = 2367.764404
rho_max = 0.000000
The cost of the run time is 81.345131 seconds
Number of MPI thread is 1
Maximum velocity for stability is 5497.174259 m/s
P-wave maximum velocity for stability is 6061 m/s
S-wave maximum velocity for stability is 5497 m/s
The available Device number is 1 on Computer
The maximum trace number for source is 663
Today's data and time: Mon Apr  1 22:22:53 2019
Set the reference time window
Ricker wave is done
The true model is done
Np=2764 Lp=3 Ns=1439 Ls=5
0.726519 0.461024
vp_max = 4700.000000
vs_max = 2598.022705
rho_max = 0.000000
ABC parameters are done
Obtain the observed seismograms !
Np=2334 Lp=3 Ns=1201 Ls=5
0.669692 0.421956
vp_max = 4283.447266
vs_max = 2367.802734
rho_max = 0.000000
====================
   FREQUENCY == 1
====================
Ricker wave is done again
====================
ITERATION == 1
== ** Misfit_old ** == 6.328486e+02
   an_vp == 1.534390e+12 , an_vs == 1.561965e+11
Np=1924 Lp=3 Ns=1009 Ls=5
0.669545 0.421951
vp_max = 4282.507324
vs_max = 2367.764404
rho_max = 0.000000
The cost of the run time is 81.902822 seconds
Number of MPI thread is 1
Maximum velocity for stability is 5497.174259 m/s
P-wave maximum velocity for stability is 6061 m/s
S-wave maximum velocity for stability is 5497 m/s
The available Device number is 1 on Computer
The maximum trace number for source is 663
Today's data and time: Tue Apr  2 09:24:23 2019
Set the reference time window
Ricker wave is done
The true model is done
Np=2764 Lp=3 Ns=1439 Ls=5
0.726519 0.461024
vp_max = 4700.000000
vs_max = 2598.022705
rho_max = 0.000000
ABC parameters are done
Obtain the observed seismograms !
Np=2334 Lp=3 Ns=1201 Ls=5
0.669692 0.421956
vp_max = 4283.447266
vs_max = 2367.802734
rho_max = 0.000000
====================
   FREQUENCY == 1
====================
Ricker wave is done again
====================
ITERATION == 1
== ** Misfit_old ** == 6.328486e+02
   an_vp == 6.599236e+12 , an_vs == 1.746617e+12
Np=1923 Lp=3 Ns=1008 Ls=5
0.669468 0.421889
vp_max = 4281.905762
vs_max = 2367.373535
rho_max = 0.000000
The cost of the run time is 81.697028 seconds
Number of MPI thread is 1
Maximum velocity for stability is 5497.174259 m/s
P-wave maximum velocity for stability is 6061 m/s
S-wave maximum velocity for stability is 5497 m/s
The available Device number is 1 on Computer
The maximum trace number for source is 663
Today's data and time: Tue Apr  2 09:39:03 2019
Set the reference time window
Ricker wave is done
The true model is done
Np=2764 Lp=3 Ns=1439 Ls=5
0.726519 0.461024
vp_max = 4700.000000
vs_max = 2598.022705
rho_max = 0.000000
ABC parameters are done
Obtain the observed seismograms !
Np=2334 Lp=3 Ns=1201 Ls=5
0.669692 0.421956
vp_max = 4283.447266
vs_max = 2367.802734
rho_max = 0.000000
====================
   FREQUENCY == 1
====================
Ricker wave is done again
====================
ITERATION == 1
== ** Misfit_old ** == 6.328486e+02
   an_vp == 6.599236e+12 , an_vs == 1.746617e+12
Np=1923 Lp=3 Ns=1008 Ls=5
0.669468 0.421889
vp_max = 4281.905762
vs_max = 2367.373535
rho_max = 0.000000
The cost of the run time is 81.748679 seconds
Number of MPI thread is 1
Maximum velocity for stability is 5497.174259 m/s
P-wave maximum velocity for stability is 6061 m/s
S-wave maximum velocity for stability is 5497 m/s
The available Device number is 1 on Computer
The maximum trace number for source is 663
Today's data and time: Tue Apr  2 09:44:57 2019
Set the reference time window
Ricker wave is done
The true model is done
Np=2764 Lp=3 Ns=1439 Ls=5
0.726519 0.461024
vp_max = 4700.000000
vs_max = 2598.022705
rho_max = 0.000000
ABC parameters are done
Obtain the observed seismograms !
Np=2334 Lp=3 Ns=1201 Ls=5
0.669692 0.421956
vp_max = 4283.447266
vs_max = 2367.802734
rho_max = 0.000000
====================
   FREQUENCY == 1
====================
Ricker wave is done again
====================
ITERATION == 1
== ** Misfit_old ** == 3.236633e+02
   an_vp == -4.283447e-19 , an_vs == -2.367803e-19
Np=-7999 Lp=3 Ns=-7999 Ls=5
-0.000000 -0.000000
vp_max = -1.000000
vs_max = -1.000000
rho_max = 0.000000
The cost of the run time is 45.164751 seconds
Number of MPI thread is 1
Maximum velocity for stability is 5497.174259 m/s
P-wave maximum velocity for stability is 6061 m/s
S-wave maximum velocity for stability is 5497 m/s
The available Device number is 1 on Computer
The maximum trace number for source is 663
Today's data and time: Tue Apr  2 09:46:42 2019
Set the reference time window
Ricker wave is done
The true model is done
Np=2764 Lp=3 Ns=1439 Ls=5
0.726519 0.461024
vp_max = 4700.000000
vs_max = 2598.022705
rho_max = 0.000000
ABC parameters are done
Obtain the observed seismograms !
Np=2334 Lp=3 Ns=1201 Ls=5
0.669692 0.421956
vp_max = 4283.447266
vs_max = 2367.802734
rho_max = 0.000000
====================
   FREQUENCY == 1
====================
Ricker wave is done again
====================
ITERATION == 1
== ** Misfit_old ** == 3.236633e+02
   an_vp == 1.294693e+13 , an_vs == 2.926028e+12
Np=1923 Lp=3 Ns=1008 Ls=5
0.669468 0.421767
vp_max = 4281.905762
vs_max = 2366.685791
rho_max = 0.000000
The cost of the run time is 44.674126 seconds
Number of MPI thread is 1
Maximum velocity for stability is 5497.174259 m/s
P-wave maximum velocity for stability is 6061 m/s
S-wave maximum velocity for stability is 5497 m/s
The available Device number is 1 on Computer
The maximum trace number for source is 663
Today's data and time: Tue Apr  2 09:48:49 2019
Set the reference time window
Ricker wave is done
The true model is done
Np=2764 Lp=3 Ns=1439 Ls=5
0.726519 0.461024
vp_max = 4700.000000
vs_max = 2598.022705
rho_max = 0.000000
ABC parameters are done
Obtain the observed seismograms !
Np=2334 Lp=3 Ns=1201 Ls=5
0.669692 0.421956
vp_max = 4283.447266
vs_max = 2367.802734
rho_max = 0.000000
====================
   FREQUENCY == 1
====================
Ricker wave is done again
====================
ITERATION == 1
== ** Misfit_old ** == 3.236633e+02
   an_vp == 2.353155e+12 , an_vs == 1.564046e+11
Np=1924 Lp=3 Ns=1009 Ls=5
0.669626 0.421948
vp_max = 4283.027344
vs_max = 2367.742920
rho_max = 0.000000
The cost of the run time is 44.598503 seconds
Number of MPI thread is 1
Maximum velocity for stability is 5497.174259 m/s
P-wave maximum velocity for stability is 6061 m/s
S-wave maximum velocity for stability is 5497 m/s
The available Device number is 1 on Computer
The maximum trace number for source is 663
Today's data and time: Tue Apr  2 09:50:04 2019
Set the reference time window
Ricker wave is done
The true model is done
Np=2764 Lp=3 Ns=1439 Ls=5
0.726519 0.461024
vp_max = 4700.000000
vs_max = 2598.022705
rho_max = 0.000000
ABC parameters are done
Obtain the observed seismograms !
Np=2334 Lp=3 Ns=1201 Ls=5
0.669692 0.421956
vp_max = 4283.447266
vs_max = 2367.802734
rho_max = 0.000000
====================
   FREQUENCY == 1
====================
Ricker wave is done again
====================
ITERATION == 1
== ** Misfit_old ** == 3.236633e+02
   an_vp == 1.294693e+13 , an_vs == 2.926028e+12
Np=1923 Lp=3 Ns=1008 Ls=5
0.669468 0.421767
vp_max = 4281.905762
vs_max = 2366.685791
rho_max = 0.000000
The cost of the run time is 44.445010 seconds
Number of MPI thread is 1
Maximum velocity for stability is 5497.174259 m/s
P-wave maximum velocity for stability is 6061 m/s
S-wave maximum velocity for stability is 5497 m/s
The available Device number is 1 on Computer
The maximum trace number for source is 663
Today's data and time: Tue Apr  2 10:03:01 2019
Set the reference time window
Ricker wave is done
The true model is done
Np=2764 Lp=3 Ns=1439 Ls=5
0.726519 0.461024
vp_max = 4700.000000
vs_max = 2598.022705
rho_max = 0.000000
ABC parameters are done
Obtain the observed seismograms !
Np=2334 Lp=3 Ns=1201 Ls=5
0.669692 0.421956
vp_max = 4283.447266
vs_max = 2367.802734
rho_max = 0.000000
====================
   FREQUENCY == 1
====================
Ricker wave is done again
====================
ITERATION == 1
== ** Misfit_old ** == 3.236633e+02
   an_vp == 2.353155e+12 , an_vs == 1.564046e+11
Np=1924 Lp=3 Ns=1009 Ls=5
0.669626 0.421948
vp_max = 4283.027344
vs_max = 2367.742920
rho_max = 0.000000
The cost of the run time is 44.585031 seconds
Number of MPI thread is 1
Maximum velocity for stability is 5497.174259 m/s
P-wave maximum velocity for stability is 6061 m/s
S-wave maximum velocity for stability is 5497 m/s
The available Device number is 1 on Computer
The maximum trace number for source is 663
Today's data and time: Tue Apr  2 10:08:03 2019
Set the reference time window
Ricker wave is done
The true model is done
Np=2764 Lp=3 Ns=1439 Ls=5
0.726519 0.461024
vp_max = 4700.000000
vs_max = 2598.022705
rho_max = 0.000000
ABC parameters are done
Obtain the observed seismograms !
Np=2334 Lp=3 Ns=1201 Ls=5
0.669692 0.421956
vp_max = 4283.447266
vs_max = 2367.802734
rho_max = 0.000000
====================
   FREQUENCY == 1
====================
Ricker wave is done again
====================
ITERATION == 1
== ** Misfit_old ** == 3.236633e+02
   an_vp == 2.353155e+12 , an_vs == 1.564046e+11
Np=1924 Lp=3 Ns=1009 Ls=5
0.669626 0.421948
vp_max = 4283.027344
vs_max = 2367.742920
rho_max = 0.000000
The cost of the run time is 44.981999 seconds
Number of MPI thread is 1
Maximum velocity for stability is 5497.174259 m/s
P-wave maximum velocity for stability is 6061 m/s
S-wave maximum velocity for stability is 5497 m/s
The available Device number is 1 on Computer
The maximum trace number for source is 663
Today's data and time: Tue Apr  2 10:11:26 2019
Set the reference time window
Ricker wave is done
The true model is done
Np=2764 Lp=3 Ns=1439 Ls=5
0.726519 0.461024
vp_max = 4700.000000
vs_max = 2598.022705
rho_max = 0.000000
ABC parameters are done
Obtain the observed seismograms !
Np=2334 Lp=3 Ns=1201 Ls=5
0.669692 0.421956
vp_max = 4283.447266
vs_max = 2367.802734
rho_max = 0.000000
====================
   FREQUENCY == 1
====================
Ricker wave is done again
====================
ITERATION == 1
== ** Misfit_old ** == 3.236633e+02
   an_vp == -4.283447e-19 , an_vs == -2.367803e-19
Np=-7999 Lp=3 Ns=-7999 Ls=5
-0.000000 -0.000000
vp_max = -1.000000
vs_max = -1.000000
rho_max = 0.000000
The cost of the run time is 46.293232 seconds
Number of MPI thread is 1
Maximum velocity for stability is 5497.174259 m/s
P-wave maximum velocity for stability is 6061 m/s
S-wave maximum velocity for stability is 5497 m/s
The available Device number is 1 on Computer
The maximum trace number for source is 663
Today's data and time: Tue Apr  2 10:16:43 2019
Set the reference time window
Ricker wave is done
The true model is done
Np=2764 Lp=3 Ns=1439 Ls=5
0.726519 0.461024
vp_max = 4700.000000
vs_max = 2598.022705
rho_max = 0.000000
ABC parameters are done
Obtain the observed seismograms !
Np=2334 Lp=3 Ns=1201 Ls=5
0.669692 0.421956
vp_max = 4283.447266
vs_max = 2367.802734
rho_max = 0.000000
====================
   FREQUENCY == 1
====================
Ricker wave is done again
====================
ITERATION == 1
== ** Misfit_old ** == 3.236633e+02
   an_vp == 1.294693e+13 , an_vs == 2.926028e+12
Np=1923 Lp=3 Ns=1008 Ls=5
0.669468 0.421767
vp_max = 4281.905762
vs_max = 2366.685791
rho_max = 0.000000
The cost of the run time is 44.694141 seconds
Number of MPI thread is 1
Maximum velocity for stability is 5497.174259 m/s
P-wave maximum velocity for stability is 6061 m/s
S-wave maximum velocity for stability is 5497 m/s
The available Device number is 1 on Computer
The maximum trace number for source is 663
Today's data and time: Tue Apr  2 10:20:22 2019
Set the reference time window
Ricker wave is done
The true model is done
Np=2764 Lp=3 Ns=1439 Ls=5
0.726519 0.461024
vp_max = 4700.000000
vs_max = 2598.022705
rho_max = 0.000000
ABC parameters are done
Obtain the observed seismograms !
Np=2334 Lp=3 Ns=1201 Ls=5
0.669692 0.421956
vp_max = 4283.447266
vs_max = 2367.802734
rho_max = 0.000000
====================
   FREQUENCY == 1
====================
Ricker wave is done again
====================
ITERATION == 1
== ** Misfit_old ** == 3.236633e+02
   an_vp == 2.353155e+12 , an_vs == 1.564046e+11
Np=1924 Lp=3 Ns=1009 Ls=5
0.669626 0.421948
vp_max = 4283.027344
vs_max = 2367.742920
rho_max = 0.000000
The cost of the run time is 44.899044 seconds
Number of MPI thread is 1
Maximum velocity for stability is 5497.174259 m/s
P-wave maximum velocity for stability is 6061 m/s
S-wave maximum velocity for stability is 5497 m/s
The available Device number is 1 on Computer
The maximum trace number for source is 663
Today's data and time: Tue Apr  2 12:38:34 2019
Set the reference time window
Ricker wave is done
The true model is done
Np=2764 Lp=3 Ns=1439 Ls=5
0.726519 0.461024
vp_max = 4700.000000
vs_max = 2598.022705
rho_max = 0.000000
ABC parameters are done
Obtain the observed seismograms !
Np=2334 Lp=3 Ns=1201 Ls=5
0.669692 0.421956
vp_max = 4283.447266
vs_max = 2367.802734
rho_max = 0.000000
====================
   FREQUENCY == 1
====================
Ricker wave is done again
====================
ITERATION == 1
== ** Misfit_old ** == 3.236633e+02
   an_vp == 2.353155e+12 , an_vs == 1.564046e+11
Np=1924 Lp=3 Ns=1009 Ls=5
0.669626 0.421948
vp_max = 4283.027344
vs_max = 2367.742920
rho_max = 0.000000
The cost of the run time is 45.427397 seconds
Number of MPI thread is 1
Maximum velocity for stability is 4580.978549 m/s
P-wave maximum velocity for stability is 5051 m/s
S-wave maximum velocity for stability is 4581 m/s
The available Device number is 1 on Computer
The maximum trace number for source is 663
Today's data and time: Tue Apr  2 12:42:41 2019
Set the reference time window
Ricker wave is done
The true model is done
Np=2764 Lp=3 Ns=1439 Ls=5
0.845982 0.547131
vp_max = 4700.000000
vs_max = 2598.022705
rho_max = 0.000000
ABC parameters are done
Obtain the observed seismograms !
Np=2334 Lp=3 Ns=1201 Ls=5
0.784072 0.501726
vp_max = 4283.447266
vs_max = 2367.802734
rho_max = 0.000000
====================
   FREQUENCY == 1
====================
Ricker wave is done again
====================
ITERATION == 1
== ** Misfit_old ** == 3.360895e+02
   an_vp == 2.396760e+12 , an_vs == 1.594523e+11
Np=1924 Lp=3 Ns=1009 Ls=5
0.784009 0.501720
vp_max = 4283.102539
vs_max = 2367.752197
rho_max = 0.000000
The cost of the run time is 45.535299 seconds
Number of MPI thread is 1
Maximum velocity for stability is 3664.782950 m/s
P-wave maximum velocity for stability is 4041 m/s
S-wave maximum velocity for stability is 3665 m/s
The available Device number is 1 on Computer
The maximum trace number for source is 663
Today's data and time: Tue Apr  2 12:45:53 2019
Set the reference time window
Ricker wave is done
The true model is done
Np=2764 Lp=3 Ns=1439 Ls=5
0.998014 0.669920
vp_max = 4700.000000
vs_max = 2598.022705
rho_max = 0.000000
ABC parameters are done
Obtain the observed seismograms !
Np=2334 Lp=3 Ns=1201 Ls=5
0.935086 0.616549
vp_max = 4283.447266
vs_max = 2367.802734
rho_max = 0.000000
====================
   FREQUENCY == 1
====================
Ricker wave is done again
====================
ITERATION == 1
== ** Misfit_old ** == 3.620869e+02
   an_vp == 2.454136e+12 , an_vs == 1.621552e+11
Np=1924 Lp=3 Ns=1009 Ls=5
0.935000 0.616533
vp_max = 4283.056641
vs_max = 2367.712158
rho_max = 0.000000
The cost of the run time is 45.571761 seconds
Number of MPI thread is 1
Maximum velocity for stability is 3053.985853 m/s
P-wave maximum velocity for stability is 3367 m/s
S-wave maximum velocity for stability is 3054 m/s
The available Device number is 1 on Computer
The maximum trace number for source is 663
Today's data and time: Tue Apr  2 12:48:18 2019
Set the reference time window
Ricker wave is done
The true model is done
Np=2764 Lp=3 Ns=1439 Ls=5
P-wave unstable!!! r=1.110403
Number of MPI thread is 1
Maximum velocity for stability is 2748.587130 m/s
P-wave maximum velocity for stability is 3030 m/s
S-wave maximum velocity for stability is 2749 m/s
The available Device number is 1 on Computer
The maximum trace number for source is 663
Today's data and time: Tue Apr  2 12:49:41 2019
Set the reference time window
Ricker wave is done
The true model is done
Np=2764 Lp=3 Ns=1439 Ls=5
P-wave unstable!!! r=1.159391
Number of MPI thread is 1
Maximum velocity for stability is 3926.553550 m/s
P-wave maximum velocity for stability is 4329 m/s
S-wave maximum velocity for stability is 3927 m/s
The available Device number is 1 on Computer
The maximum trace number for source is 663
Today's data and time: Tue Apr  2 12:59:31 2019
Set the reference time window
Ricker wave is done
The true model is done
Np=2764 Lp=3 Ns=1439 Ls=5
0.951350 0.629929
vp_max = 4700.000000
vs_max = 2598.022705
rho_max = 1000.000000
ABC parameters are done
Obtain the observed seismograms !
Np=2334 Lp=3 Ns=1201 Ls=5
0.887785 0.578988
vp_max = 4283.447266
vs_max = 2367.802734
rho_max = 0.000000
====================
   FREQUENCY == 1
====================
Ricker wave is done again
====================
ITERATION == 1
== ** Misfit_old ** == 1.168554e+04
   an_vp == 2.216544e+11 , an_vs == 2.176482e+10
Np=1924 Lp=3 Ns=1009 Ls=5
0.887702 0.578987
vp_max = 4283.047363
vs_max = 2367.775146
rho_max = 0.000000
The cost of the run time is 1162.827862 seconds
Number of MPI thread is 1
Maximum velocity for stability is 3926.553550 m/s
P-wave maximum velocity for stability is 4329 m/s
S-wave maximum velocity for stability is 3927 m/s
The available Device number is 1 on Computer
The maximum trace number for source is 663
Today's data and time: Tue Apr  2 13:32:36 2019
Set the reference time window
Ricker wave is done
The true model is done
Np=2764 Lp=3 Ns=1439 Ls=5
0.951350 0.629929
vp_max = 4700.000000
vs_max = 2598.022705
rho_max = 1000.000000
ABC parameters are done
Obtain the observed seismograms !
Np=2334 Lp=3 Ns=1201 Ls=5
0.887785 0.578988
vp_max = 4283.447266
vs_max = 2367.802734
rho_max = 0.000000
====================
   FREQUENCY == 1
====================
Ricker wave is done again
====================
ITERATION == 1
== ** Misfit_old ** == 1.168554e+04
   an_vp == 2.216544e+11 , an_vs == 2.229611e+10
Np=1924 Lp=3 Ns=1009 Ls=5
0.887702 0.579012
vp_max = 4283.047363
vs_max = 2367.878174
rho_max = 0.000000
The cost of the run time is 1166.451658 seconds
Number of MPI thread is 1
Maximum velocity for stability is 3926.553550 m/s
P-wave maximum velocity for stability is 4329 m/s
S-wave maximum velocity for stability is 3927 m/s
The available Device number is 1 on Computer
The maximum trace number for source is 663
Today's data and time: Tue Apr  2 13:55:51 2019
Set the reference time window
Ricker wave is done
The true model is done
Np=2764 Lp=3 Ns=1439 Ls=5
0.951350 0.629929
vp_max = 4700.000000
vs_max = 2598.022705
rho_max = 1000.000000
ABC parameters are done
Obtain the observed seismograms !
Np=2334 Lp=3 Ns=1201 Ls=5
0.887785 0.578988
vp_max = 4283.447266
vs_max = 2367.802734
rho_max = 0.000000
====================
   FREQUENCY == 1
====================
Ricker wave is done again
====================
ITERATION == 1
== ** Misfit_old ** == 3.514465e+02
   an_vp == 2.670637e+12 , an_vs == 1.283505e+11
Np=1924 Lp=3 Ns=1009 Ls=5
0.887726 0.578946
vp_max = 4283.160156
vs_max = 2367.608154
rho_max = 0.000000
The cost of the run time is 45.999360 seconds
Number of MPI thread is 1
Maximum velocity for stability is 3926.553550 m/s
P-wave maximum velocity for stability is 4329 m/s
S-wave maximum velocity for stability is 3927 m/s
The available Device number is 1 on Computer
The maximum trace number for source is 663
Today's data and time: Tue Apr  2 14:11:26 2019
Set the reference time window
Ricker wave is done
The true model is done
Np=2764 Lp=3 Ns=1439 Ls=5
0.951350 0.629929
vp_max = 4700.000000
vs_max = 2598.022705
rho_max = 1000.000000
ABC parameters are done
Obtain the observed seismograms !
Np=2334 Lp=3 Ns=1201 Ls=5
0.887785 0.578988
vp_max = 4283.447266
vs_max = 2367.802734
rho_max = 0.000000
====================
   FREQUENCY == 1
====================
Ricker wave is done again
====================
ITERATION == 1
== ** Misfit_old ** == 3.514465e+02
   an_vp == 2.431009e+12 , an_vs == 1.219148e+11
Np=1924 Lp=3 Ns=1009 Ls=5
0.887698 0.578967
vp_max = 4283.027832
vs_max = 2367.694580
rho_max = 0.000000
The cost of the run time is 46.064164 seconds
Number of MPI thread is 1
Maximum velocity for stability is 3926.553550 m/s
P-wave maximum velocity for stability is 4329 m/s
S-wave maximum velocity for stability is 3927 m/s
The available Device number is 1 on Computer
The maximum trace number for source is 663
Today's data and time: Tue Apr  2 14:24:47 2019
Set the reference time window
Ricker wave is done
The true model is done
Np=2764 Lp=3 Ns=1439 Ls=5
0.951350 0.629929
vp_max = 4700.000000
vs_max = 2598.022705
rho_max = 1000.000000
ABC parameters are done
Obtain the observed seismograms !
Np=2334 Lp=3 Ns=1201 Ls=5
0.887785 0.578988
vp_max = 4283.447266
vs_max = 2367.802734
rho_max = 0.000000
====================
   FREQUENCY == 1
====================
Ricker wave is done again
====================
ITERATION == 1
Number of MPI thread is 1
Maximum velocity for stability is 3926.553550 m/s
P-wave maximum velocity for stability is 4329 m/s
S-wave maximum velocity for stability is 3927 m/s
The available Device number is 1 on Computer
The maximum trace number for source is 663
Today's data and time: Thu Apr  4 14:13:01 2019
Set the reference time window
Ricker wave is done
The true model is done
Np=2764 Lp=3 Ns=1439 Ls=5
0.951350 0.629929
vp_max = 4700.000000
vs_max = 2598.022705
rho_max = 1000.000000
ABC parameters are done
Obtain the observed seismograms !
The cost of the run time is 48.384175 seconds
Number of MPI thread is 1
Maximum velocity for stability is 5080.904652 m/s
P-wave maximum velocity for stability is 5081 m/s
S-wave maximum velocity for stability is 5081 m/s
The available Device number is 1 on Computer
The maximum trace number for source is 663
Today's data and time: Thu Apr  4 14:48:16 2019
Set the reference time window
Ricker wave is done
The true model is done
Np=2764 Lp=11 Ns=1439 Ls=11
0.839097 0.496674
vp_max = 4700.000000
vs_max = 2598.022705
rho_max = 1000.000000
ABC parameters are done
Obtain the observed seismograms !
The cost of the run time is 74.825098 seconds
Number of MPI thread is 1
Maximum velocity for stability is 5024.215740 m/s
P-wave maximum velocity for stability is 5024 m/s
S-wave maximum velocity for stability is 5024 m/s
The available Device number is 1 on Computer
The maximum trace number for source is 663
Today's data and time: Thu Apr  4 15:07:55 2019
Set the reference time window
Ricker wave is done
The true model is done
Np=2764 Lp=13 Ns=1439 Ls=13
0.846858 0.501978
vp_max = 4700.000000
vs_max = 2598.022705
rho_max = 1000.000000
ABC parameters are done
Obtain the observed seismograms !
Number of MPI thread is 1
Maximum velocity for stability is 4228.595731 m/s
P-wave maximum velocity for stability is 4662 m/s
S-wave maximum velocity for stability is 4229 m/s
The available Device number is 1 on Computer
The maximum trace number for source is 663
Today's data and time: Thu Apr  4 18:24:55 2019
Set the reference time window
Ricker wave is done
The true model is done
Np=2764 Lp=3 Ns=1439 Ls=5
0.900575 0.588977
vp_max = 4700.000000
vs_max = 2598.022705
rho_max = 1000.000000
ABC parameters are done
Obtain the observed seismograms !
The cost of the run time is 7.339843 seconds
Number of MPI thread is 1
Maximum velocity for stability is 5034.684389 m/s
P-wave maximum velocity for stability is 5339 m/s
S-wave maximum velocity for stability is 5035 m/s
The available Device number is 1 on Computer
The maximum trace number for source is 663
Today's data and time: Tue Apr  9 12:47:16 2019
Set the reference time window
Ricker wave is done
The true model is done
Np=2764 Lp=4 Ns=1439 Ls=6
0.806460 0.500909
vp_max = 4700.000000
vs_max = 2598.022705
rho_max = 1000.000000
ABC parameters are done
Obtain the observed seismograms !
